<?xml version="1.0" encoding="UTF-8"?>
<testsuite name="homework2.HW02" tests="4" skipped="0" failures="0" errors="0" timestamp="2015-09-20T03:52:20" hostname="irlydontknow" time="0.003">
  <properties/>
  <testcase name="test1" classname="homework2.HW02" time="0.001"/>
  <testcase name="test2" classname="homework2.HW02" time="0.0"/>
  <testcase name="test3" classname="homework2.HW02" time="0.0"/>
  <testcase name="test4" classname="homework2.HW02" time="0.0"/>
  <system-out><![CDATA[]]></system-out>
  <system-err><![CDATA[]]></system-err>
</testsuite>
