<?xml version="1.0" encoding="UTF-8"?>
<testsuite name="hw01.hw01Test" tests="3" skipped="0" failures="0" errors="0" timestamp="2015-09-20T00:30:47" hostname="Jinx-ПК" time="0.024">
  <properties/>
  <testcase name="peanoTest" classname="hw01.hw01Test" time="0.005"/>
  <testcase name="helloTest" classname="hw01.hw01Test" time="0.0"/>
  <testcase name="treeTest" classname="hw01.hw01Test" time="0.017"/>
  <system-out><![CDATA[]]></system-out>
  <system-err><![CDATA[]]></system-err>
</testsuite>
