<?xml version="1.0" encoding="UTF-8"?>
<testsuite name="homework.HW01" tests="10" skipped="0" failures="0" errors="0" timestamp="2015-09-20T03:52:20" hostname="irlydontknow" time="0.039">
  <properties/>
  <testcase name="testFold" classname="homework.HW01" time="0.027"/>
  <testcase name="testMaxWay1" classname="homework.HW01" time="0.0"/>
  <testcase name="testMaxWay2" classname="homework.HW01" time="0.0"/>
  <testcase name="testMaxWay3" classname="homework.HW01" time="0.0"/>
  <testcase name="testHeapsort1" classname="homework.HW01" time="0.001"/>
  <testcase name="testHeapsort2" classname="homework.HW01" time="0.0"/>
  <testcase name="testHeapsort3" classname="homework.HW01" time="0.0"/>
  <testcase name="testPeano1" classname="homework.HW01" time="0.002"/>
  <testcase name="testPeano2" classname="homework.HW01" time="0.001"/>
  <testcase name="testPeano3" classname="homework.HW01" time="0.0"/>
  <system-out><![CDATA[]]></system-out>
  <system-err><![CDATA[]]></system-err>
</testsuite>
