<?xml version="1.0" encoding="UTF-8"?>
<testsuite name="hw01.hw01Test" tests="3" skipped="0" failures="0" errors="0" timestamp="2015-09-20T01:46:10" hostname="Jinx-ПК" time="0.414">
  <properties/>
  <testcase name="peanoTest" classname="hw01.hw01Test" time="0.15"/>
  <testcase name="treeTest" classname="hw01.hw01Test" time="0.261"/>
  <testcase name="sortTest" classname="hw01.hw01Test" time="0.0"/>
  <system-out><![CDATA[]]></system-out>
  <system-err><![CDATA[]]></system-err>
</testsuite>
