<?xml version="1.0" encoding="UTF-8"?>
<testsuite name="homeworks.hw02Test" tests="4" skipped="0" failures="0" errors="0" timestamp="2015-09-20T01:07:17" hostname="SiD-pc" time="0.028">
  <properties/>
  <testcase name="Test1" classname="homeworks.hw02Test" time="0.022"/>
  <testcase name="Test2" classname="homeworks.hw02Test" time="0.002"/>
  <testcase name="Test3" classname="homeworks.hw02Test" time="0.0"/>
  <testcase name="Test4" classname="homeworks.hw02Test" time="0.002"/>
  <system-out><![CDATA[Computer0 with Windows XP is     Infected
Computer1 with Windows 8  is not Infected
Computer2 with Embox      is not Infected
Computer3 with Embox      is not Infected
Computer4 with Linux      is not Infected
Computer5 with Windows 8  is not Infected
Computer6 with Linux      is not Infected
Computer7 with Embox      is not Infected
Computer8 with Linux      is not Infected
Computer9 with Linux      is not Infected
Computer10 with Embox      is not Infected
________________________________________
Computer0 with Windows XP is     Infected
Computer1 with Windows 8  is     Infected
Computer2 with Embox      is not Infected
Computer3 with Embox      is not Infected
Computer4 with Linux      is     Infected
Computer5 with Windows 8  is not Infected
Computer6 with Linux      is not Infected
Computer7 with Embox      is not Infected
Computer8 with Linux      is not Infected
Computer9 with Linux      is not Infected
Computer10 with Embox      is not Infected
________________________________________
Computer0 with Windows XP is     Infected
Computer1 with Windows 8  is     Infected
Computer2 with Embox      is not Infected
Computer3 with Embox      is not Infected
Computer4 with Linux      is     Infected
Computer5 with Windows 8  is not Infected
Computer6 with Linux      is not Infected
Computer7 with Embox      is not Infected
Computer8 with Linux      is not Infected
Computer9 with Linux      is not Infected
Computer10 with Embox      is not Infected
________________________________________
Computer0 with Windows XP is     Infected
Computer1 with Windows 8  is     Infected
Computer2 with Embox      is not Infected
Computer3 with Embox      is not Infected
Computer4 with Linux      is     Infected
Computer5 with Windows 8  is not Infected
Computer6 with Linux      is not Infected
Computer7 with Embox      is not Infected
Computer8 with Linux      is not Infected
Computer9 with Linux      is not Infected
Computer10 with Embox      is not Infected
________________________________________
Computer0 with Windows XP is     Infected
Computer1 with Windows 8  is     Infected
Computer2 with Embox      is not Infected
Computer3 with Embox      is not Infected
Computer4 with Linux      is     Infected
Computer5 with Windows 8  is not Infected
Computer6 with Linux      is not Infected
Computer7 with Embox      is not Infected
Computer8 with Linux      is not Infected
Computer9 with Linux      is not Infected
Computer10 with Embox      is not Infected
________________________________________
Computer0 with Windows XP is     Infected
Computer1 with Windows 8  is     Infected
Computer2 with Embox      is not Infected
Computer3 with Embox      is not Infected
Computer4 with Linux      is     Infected
Computer5 with Windows 8  is not Infected
Computer6 with Linux      is not Infected
Computer7 with Embox      is not Infected
Computer8 with Linux      is not Infected
Computer9 with Linux      is not Infected
Computer10 with Embox      is not Infected
________________________________________
Computer0 with Windows XP is     Infected
Computer1 with Windows 8  is     Infected
Computer2 with Embox      is not Infected
Computer3 with Embox      is not Infected
Computer4 with Linux      is     Infected
Computer5 with Windows 8  is not Infected
Computer6 with Linux      is not Infected
Computer7 with Embox      is not Infected
Computer8 with Linux      is not Infected
Computer9 with Linux      is not Infected
Computer10 with Embox      is not Infected
________________________________________
Computer0 with Windows XP is     Infected
Computer1 with Windows 8  is     Infected
Computer2 with Embox      is not Infected
Computer3 with Embox      is     Infected
Computer4 with Linux      is     Infected
Computer5 with Windows 8  is not Infected
Computer6 with Linux      is not Infected
Computer7 with Embox      is not Infected
Computer8 with Linux      is not Infected
Computer9 with Linux      is not Infected
Computer10 with Embox      is not Infected
________________________________________
Computer0 with Windows XP is     Infected
Computer1 with Windows 8  is     Infected
Computer2 with Embox      is     Infected
Computer3 with Embox      is     Infected
Computer4 with Linux      is     Infected
Computer5 with Windows 8  is not Infected
Computer6 with Linux      is not Infected
Computer7 with Embox      is not Infected
Computer8 with Linux      is not Infected
Computer9 with Linux      is not Infected
Computer10 with Embox      is not Infected
________________________________________
Computer0 with Windows XP is     Infected
Computer1 with Windows 8  is     Infected
Computer2 with Embox      is     Infected
Computer3 with Embox      is     Infected
Computer4 with Linux      is     Infected
Computer5 with Windows 8  is not Infected
Computer6 with Linux      is not Infected
Computer7 with Embox      is not Infected
Computer8 with Linux      is not Infected
Computer9 with Linux      is not Infected
Computer10 with Embox      is not Infected
________________________________________
Computer0 with Windows XP is     Infected
Computer1 with Windows 8  is     Infected
Computer2 with Embox      is     Infected
Computer3 with Embox      is     Infected
Computer4 with Linux      is     Infected
Computer5 with Windows 8  is not Infected
Computer6 with Linux      is not Infected
Computer7 with Embox      is not Infected
Computer8 with Linux      is not Infected
Computer9 with Linux      is not Infected
Computer10 with Embox      is not Infected
________________________________________
Computer0 with Windows XP is     Infected
Computer1 with Windows 8  is     Infected
Computer2 with Embox      is     Infected
Computer3 with Embox      is     Infected
Computer4 with Linux      is     Infected
Computer5 with Windows 8  is not Infected
Computer6 with Linux      is not Infected
Computer7 with Embox      is not Infected
Computer8 with Linux      is not Infected
Computer9 with Linux      is not Infected
Computer10 with Embox      is not Infected
________________________________________
Computer0 with Windows XP is     Infected
Computer1 with Windows 8  is     Infected
Computer2 with Embox      is     Infected
Computer3 with Embox      is     Infected
Computer4 with Linux      is     Infected
Computer5 with Windows 8  is not Infected
Computer6 with Linux      is not Infected
Computer7 with Embox      is not Infected
Computer8 with Linux      is not Infected
Computer9 with Linux      is not Infected
Computer10 with Embox      is not Infected
________________________________________
Computer0 with Windows XP is     Infected
Computer1 with Windows 8  is     Infected
Computer2 with Embox      is     Infected
Computer3 with Embox      is     Infected
Computer4 with Linux      is     Infected
Computer5 with Windows 8  is not Infected
Computer6 with Linux      is not Infected
Computer7 with Embox      is not Infected
Computer8 with Linux      is not Infected
Computer9 with Linux      is not Infected
Computer10 with Embox      is not Infected
________________________________________
Computer0 with Windows XP is     Infected
Computer1 with Windows 8  is     Infected
Computer2 with Embox      is     Infected
Computer3 with Embox      is     Infected
Computer4 with Linux      is     Infected
Computer5 with Windows 8  is not Infected
Computer6 with Linux      is not Infected
Computer7 with Embox      is not Infected
Computer8 with Linux      is not Infected
Computer9 with Linux      is not Infected
Computer10 with Embox      is not Infected
________________________________________
Computer0 with Windows XP is     Infected
Computer1 with Windows 8  is     Infected
Computer2 with Embox      is     Infected
Computer3 with Embox      is     Infected
Computer4 with Linux      is     Infected
Computer5 with Windows 8  is not Infected
Computer6 with Linux      is not Infected
Computer7 with Embox      is not Infected
Computer8 with Linux      is not Infected
Computer9 with Linux      is not Infected
Computer10 with Embox      is not Infected
________________________________________
Computer0 with Windows XP is     Infected
Computer1 with Windows 8  is     Infected
Computer2 with Embox      is     Infected
Computer3 with Embox      is     Infected
Computer4 with Linux      is     Infected
Computer5 with Windows 8  is     Infected
Computer6 with Linux      is     Infected
Computer7 with Embox      is not Infected
Computer8 with Linux      is not Infected
Computer9 with Linux      is not Infected
Computer10 with Embox      is not Infected
________________________________________
Computer0 with Windows XP is     Infected
Computer1 with Windows 8  is     Infected
Computer2 with Embox      is     Infected
Computer3 with Embox      is     Infected
Computer4 with Linux      is     Infected
Computer5 with Windows 8  is     Infected
Computer6 with Linux      is     Infected
Computer7 with Embox      is not Infected
Computer8 with Linux      is not Infected
Computer9 with Linux      is not Infected
Computer10 with Embox      is not Infected
________________________________________
Computer0 with Windows XP is     Infected
Computer1 with Windows 8  is     Infected
Computer2 with Embox      is     Infected
Computer3 with Embox      is     Infected
Computer4 with Linux      is     Infected
Computer5 with Windows 8  is     Infected
Computer6 with Linux      is     Infected
Computer7 with Embox      is not Infected
Computer8 with Linux      is not Infected
Computer9 with Linux      is not Infected
Computer10 with Embox      is not Infected
________________________________________
Computer0 with Windows XP is     Infected
Computer1 with Windows 8  is     Infected
Computer2 with Embox      is     Infected
Computer3 with Embox      is     Infected
Computer4 with Linux      is     Infected
Computer5 with Windows 8  is     Infected
Computer6 with Linux      is     Infected
Computer7 with Embox      is not Infected
Computer8 with Linux      is not Infected
Computer9 with Linux      is not Infected
Computer10 with Embox      is not Infected
________________________________________
Computer0 with Windows XP is     Infected
Computer1 with Windows 8  is     Infected
Computer2 with Embox      is     Infected
Computer3 with Embox      is     Infected
Computer4 with Linux      is     Infected
Computer5 with Windows 8  is     Infected
Computer6 with Linux      is     Infected
Computer7 with Embox      is not Infected
Computer8 with Linux      is not Infected
Computer9 with Linux      is not Infected
Computer10 with Embox      is not Infected
________________________________________
Computer0 with Windows XP is     Infected
Computer1 with Windows 8  is     Infected
Computer2 with Embox      is     Infected
Computer3 with Embox      is     Infected
Computer4 with Linux      is     Infected
Computer5 with Windows 8  is     Infected
Computer6 with Linux      is     Infected
Computer7 with Embox      is not Infected
Computer8 with Linux      is not Infected
Computer9 with Linux      is not Infected
Computer10 with Embox      is not Infected
________________________________________
Computer0 with Windows XP is     Infected
Computer1 with Windows 8  is     Infected
Computer2 with Embox      is     Infected
Computer3 with Embox      is     Infected
Computer4 with Linux      is     Infected
Computer5 with Windows 8  is     Infected
Computer6 with Linux      is     Infected
Computer7 with Embox      is not Infected
Computer8 with Linux      is not Infected
Computer9 with Linux      is not Infected
Computer10 with Embox      is not Infected
________________________________________
Computer0 with Windows XP is     Infected
Computer1 with Windows 8  is     Infected
Computer2 with Embox      is     Infected
Computer3 with Embox      is     Infected
Computer4 with Linux      is     Infected
Computer5 with Windows 8  is     Infected
Computer6 with Linux      is     Infected
Computer7 with Embox      is not Infected
Computer8 with Linux      is not Infected
Computer9 with Linux      is not Infected
Computer10 with Embox      is not Infected
________________________________________
Computer0 with Windows XP is     Infected
Computer1 with Windows 8  is     Infected
Computer2 with Embox      is     Infected
Computer3 with Embox      is     Infected
Computer4 with Linux      is     Infected
Computer5 with Windows 8  is     Infected
Computer6 with Linux      is     Infected
Computer7 with Embox      is not Infected
Computer8 with Linux      is not Infected
Computer9 with Linux      is not Infected
Computer10 with Embox      is not Infected
________________________________________
Computer0 with Windows XP is     Infected
Computer1 with Windows 8  is     Infected
Computer2 with Embox      is     Infected
Computer3 with Embox      is     Infected
Computer4 with Linux      is     Infected
Computer5 with Windows 8  is     Infected
Computer6 with Linux      is     Infected
Computer7 with Embox      is not Infected
Computer8 with Linux      is not Infected
Computer9 with Linux      is not Infected
Computer10 with Embox      is not Infected
________________________________________
Computer0 with Windows XP is     Infected
Computer1 with Windows 8  is     Infected
Computer2 with Embox      is     Infected
Computer3 with Embox      is     Infected
Computer4 with Linux      is     Infected
Computer5 with Windows 8  is     Infected
Computer6 with Linux      is     Infected
Computer7 with Embox      is not Infected
Computer8 with Linux      is not Infected
Computer9 with Linux      is not Infected
Computer10 with Embox      is not Infected
________________________________________
Computer0 with Windows XP is     Infected
Computer1 with Windows 8  is     Infected
Computer2 with Embox      is     Infected
Computer3 with Embox      is     Infected
Computer4 with Linux      is     Infected
Computer5 with Windows 8  is     Infected
Computer6 with Linux      is     Infected
Computer7 with Embox      is not Infected
Computer8 with Linux      is not Infected
Computer9 with Linux      is not Infected
Computer10 with Embox      is not Infected
________________________________________
Computer0 with Windows XP is     Infected
Computer1 with Windows 8  is     Infected
Computer2 with Embox      is     Infected
Computer3 with Embox      is     Infected
Computer4 with Linux      is     Infected
Computer5 with Windows 8  is     Infected
Computer6 with Linux      is     Infected
Computer7 with Embox      is not Infected
Computer8 with Linux      is not Infected
Computer9 with Linux      is not Infected
Computer10 with Embox      is not Infected
________________________________________
Computer0 with Windows XP is     Infected
Computer1 with Windows 8  is     Infected
Computer2 with Embox      is     Infected
Computer3 with Embox      is     Infected
Computer4 with Linux      is     Infected
Computer5 with Windows 8  is     Infected
Computer6 with Linux      is     Infected
Computer7 with Embox      is     Infected
Computer8 with Linux      is not Infected
Computer9 with Linux      is not Infected
Computer10 with Embox      is not Infected
________________________________________
Computer0 with Windows XP is     Infected
Computer1 with Windows 8  is     Infected
Computer2 with Embox      is     Infected
Computer3 with Embox      is     Infected
Computer4 with Linux      is     Infected
Computer5 with Windows 8  is     Infected
Computer6 with Linux      is     Infected
Computer7 with Embox      is     Infected
Computer8 with Linux      is not Infected
Computer9 with Linux      is not Infected
Computer10 with Embox      is not Infected
________________________________________
Computer0 with Windows XP is     Infected
Computer1 with Windows 8  is     Infected
Computer2 with Embox      is     Infected
Computer3 with Embox      is     Infected
Computer4 with Linux      is     Infected
Computer5 with Windows 8  is     Infected
Computer6 with Linux      is     Infected
Computer7 with Embox      is     Infected
Computer8 with Linux      is not Infected
Computer9 with Linux      is not Infected
Computer10 with Embox      is not Infected
________________________________________
Computer0 with Windows XP is     Infected
Computer1 with Windows 8  is     Infected
Computer2 with Embox      is     Infected
Computer3 with Embox      is     Infected
Computer4 with Linux      is     Infected
Computer5 with Windows 8  is     Infected
Computer6 with Linux      is     Infected
Computer7 with Embox      is     Infected
Computer8 with Linux      is not Infected
Computer9 with Linux      is not Infected
Computer10 with Embox      is not Infected
________________________________________
Computer0 with Windows XP is     Infected
Computer1 with Windows 8  is     Infected
Computer2 with Embox      is     Infected
Computer3 with Embox      is     Infected
Computer4 with Linux      is     Infected
Computer5 with Windows 8  is     Infected
Computer6 with Linux      is     Infected
Computer7 with Embox      is     Infected
Computer8 with Linux      is not Infected
Computer9 with Linux      is not Infected
Computer10 with Embox      is not Infected
________________________________________
Computer0 with Windows XP is     Infected
Computer1 with Windows 8  is     Infected
Computer2 with Embox      is     Infected
Computer3 with Embox      is     Infected
Computer4 with Linux      is     Infected
Computer5 with Windows 8  is     Infected
Computer6 with Linux      is     Infected
Computer7 with Embox      is     Infected
Computer8 with Linux      is     Infected
Computer9 with Linux      is not Infected
Computer10 with Embox      is not Infected
________________________________________
Computer0 with Windows XP is     Infected
Computer1 with Windows 8  is     Infected
Computer2 with Embox      is     Infected
Computer3 with Embox      is     Infected
Computer4 with Linux      is     Infected
Computer5 with Windows 8  is     Infected
Computer6 with Linux      is     Infected
Computer7 with Embox      is     Infected
Computer8 with Linux      is     Infected
Computer9 with Linux      is not Infected
Computer10 with Embox      is not Infected
________________________________________
Computer0 with Windows XP is     Infected
Computer1 with Windows 8  is not Infected
 is not Infected
 is not Infected
Computer4 with Linux      is not Infected
Computer5 with Windows 8  is not Infected
Computer6 with Linux      is not Infected
 is not Infected
Computer8 with Linux      is not Infected
Computer9 with Linux      is not Infected
 is not Infected
________________________________________
Computer0 with Windows XP is     Infected
Computer1 with Windows 8  is not Infected
 is not Infected
 is not Infected
Computer4 with Linux      is not Infected
Computer5 with Windows 8  is not Infected
Computer6 with Linux      is not Infected
 is not Infected
Computer8 with Linux      is not Infected
Computer9 with Linux      is not Infected
 is not Infected
________________________________________
Computer0 with Windows XP is     Infected
Computer1 with Windows 8  is not Infected
 is not Infected
 is not Infected
Computer4 with Linux      is     Infected
Computer5 with Windows 8  is not Infected
Computer6 with Linux      is not Infected
 is not Infected
Computer8 with Linux      is not Infected
Computer9 with Linux      is not Infected
 is not Infected
________________________________________
Computer0 with Windows XP is     Infected
Computer1 with Windows 8  is not Infected
 is not Infected
 is not Infected
Computer4 with Linux      is     Infected
Computer5 with Windows 8  is not Infected
Computer6 with Linux      is not Infected
 is not Infected
Computer8 with Linux      is not Infected
Computer9 with Linux      is not Infected
 is not Infected
________________________________________
Computer0 with Windows XP is     Infected
Computer1 with Windows 8  is     Infected
 is not Infected
 is not Infected
Computer4 with Linux      is     Infected
Computer5 with Windows 8  is not Infected
Computer6 with Linux      is not Infected
 is not Infected
Computer8 with Linux      is not Infected
Computer9 with Linux      is not Infected
 is not Infected
________________________________________
 is     Infected
 is not Infected
 is not Infected
 is not Infected
 is not Infected
 is not Infected
 is not Infected
 is not Infected
 is not Infected
 is not Infected
 is not Infected
________________________________________
 is     Infected
 is not Infected
 is not Infected
 is not Infected
 is not Infected
 is not Infected
 is not Infected
 is not Infected
 is not Infected
 is not Infected
 is not Infected
________________________________________
 is     Infected
 is     Infected
 is not Infected
 is not Infected
 is     Infected
 is not Infected
 is not Infected
 is not Infected
 is not Infected
 is not Infected
 is not Infected
________________________________________
 is     Infected
 is     Infected
 is     Infected
 is     Infected
 is     Infected
 is not Infected
 is not Infected
 is not Infected
 is not Infected
 is not Infected
 is not Infected
________________________________________
 is     Infected
 is     Infected
 is     Infected
 is     Infected
 is     Infected
 is not Infected
 is not Infected
 is not Infected
 is not Infected
 is not Infected
 is not Infected
________________________________________
 is     Infected
 is     Infected
 is     Infected
 is     Infected
 is     Infected
 is     Infected
 is     Infected
 is not Infected
 is not Infected
 is not Infected
 is not Infected
________________________________________
 is     Infected
 is     Infected
 is     Infected
 is     Infected
 is     Infected
 is     Infected
 is     Infected
 is     Infected
 is not Infected
 is not Infected
 is not Infected
________________________________________
 is     Infected
 is     Infected
 is     Infected
 is     Infected
 is     Infected
 is     Infected
 is     Infected
 is     Infected
 is not Infected
 is not Infected
 is not Infected
________________________________________
 is     Infected
 is     Infected
 is     Infected
 is     Infected
 is     Infected
 is     Infected
 is     Infected
 is     Infected
 is not Infected
 is not Infected
 is not Infected
________________________________________
 is     Infected
 is     Infected
 is     Infected
 is     Infected
 is     Infected
 is     Infected
 is     Infected
 is     Infected
 is     Infected
 is not Infected
 is not Infected
________________________________________
 is     Infected
 is     Infected
 is     Infected
 is     Infected
 is     Infected
 is     Infected
 is     Infected
 is     Infected
 is     Infected
 is not Infected
 is not Infected
________________________________________
]]></system-out>
  <system-err><![CDATA[]]></system-err>
</testsuite>
