<?xml version="1.0" encoding="UTF-8"?>
<testsuite name="classroom.c02.C02Test" tests="1" skipped="0" failures="0" errors="0" timestamp="2015-09-20T01:46:10" hostname="Jinx-ПК" time="0.057">
  <properties/>
  <testcase name="helloTest" classname="classroom.c02.C02Test" time="0.057"/>
  <system-out><![CDATA[]]></system-out>
  <system-err><![CDATA[]]></system-err>
</testsuite>
