<?xml version="1.0" encoding="UTF-8"?>
<testsuite name="hw02.hw02Test" tests="2" skipped="0" failures="0" errors="0" timestamp="2015-09-20T01:46:10" hostname="Jinx-ПК" time="0.186">
  <properties/>
  <testcase name="Test0" classname="hw02.hw02Test" time="0.185"/>
  <testcase name="Test1" classname="hw02.hw02Test" time="0.0"/>
  <system-out><![CDATA[hw02.Computer@6549d7ca     true
hw02.Computer@721fbca0     false
hw02.Computer@7ec67e48     false
hw02.Computer@1942cec3     false
hw02.Computer@321ebda6     false
hw02.Computer@3debedf9     false
hw02.Computer@7092f032     true
hw02.Computer@7fa90c35     true
hw02.Computer@381d6deb     true
hw02.Computer@5a7bdb34     true
hw02.Computer@3d0fa329     true
hw02.Computer@a70c819     false
]]></system-out>
  <system-err><![CDATA[]]></system-err>
</testsuite>
